<?xml version="1.0" encoding="UTF-8"?>
<coverage generated="1629899200930" clover="3.2.0">
  <project timestamp="1629899200930" name="All files">
    <metrics statements="12" coveredstatements="12" conditionals="6" coveredconditionals="6" methods="3" coveredmethods="3" elements="21" coveredelements="21" complexity="0" loc="12" ncloc="12" packages="2" files="3" classes="3"/>
    <package name="src">
      <metrics statements="0" coveredstatements="0" conditionals="0" coveredconditionals="0" methods="0" coveredmethods="0"/>
      <file name="index.tsx" path="/home/tmn/dev/perso/libs/qs-filter/src/index.tsx">
        <metrics statements="0" coveredstatements="0" conditionals="0" coveredconditionals="0" methods="0" coveredmethods="0"/>
      </file>
    </package>
    <package name="src.hooks">
      <metrics statements="12" coveredstatements="12" conditionals="6" coveredconditionals="6" methods="3" coveredmethods="3"/>
      <file name="useFIlterFromQueryParams.fixtures.js" path="/home/tmn/dev/perso/libs/qs-filter/src/hooks/useFIlterFromQueryParams.fixtures.js">
        <metrics statements="1" coveredstatements="1" conditionals="0" coveredconditionals="0" methods="0" coveredmethods="0"/>
        <line num="1" count="1" type="stmt"/>
      </file>
      <file name="useFilterFromQueryParams.tsx" path="/home/tmn/dev/perso/libs/qs-filter/src/hooks/useFilterFromQueryParams.tsx">
        <metrics statements="11" coveredstatements="11" conditionals="6" coveredconditionals="6" methods="3" coveredmethods="3"/>
        <line num="12" count="1" type="stmt"/>
        <line num="13" count="7" type="cond" truecount="2" falsecount="0"/>
        <line num="14" count="6" type="stmt"/>
        <line num="19" count="6" type="cond" truecount="2" falsecount="0"/>
        <line num="21" count="5" type="stmt"/>
        <line num="22" count="10" type="stmt"/>
        <line num="23" count="16" type="cond" truecount="2" falsecount="0"/>
        <line num="24" count="2" type="stmt"/>
        <line num="27" count="2" type="stmt"/>
        <line num="29" count="14" type="stmt"/>
        <line num="31" count="10" type="stmt"/>
      </file>
    </package>
  </project>
</coverage>
