{"/home/tmn/dev/perso/libs/qs-filter/src/index.tsx": {"path":"/home/tmn/dev/perso/libs/qs-filter/src/index.tsx","statementMap":{},"fnMap":{},"branchMap":{},"s":{},"f":{},"b":{},"hash":"255ef2ea97acf2406b111dcd3288437e02704af8"}
,"/home/tmn/dev/perso/libs/qs-filter/src/hooks/useFIlterFromQueryParams.fixtures.js": {"path":"/home/tmn/dev/perso/libs/qs-filter/src/hooks/useFIlterFromQueryParams.fixtures.js","statementMap":{"0":{"start":{"line":1,"column":25},"end":{"line":12,"column":1}}},"fnMap":{},"branchMap":{},"s":{"0":1},"f":{},"b":{},"_coverageSchema":"43e27e138ebf9cfc5966b082cf9a028302ed4184","hash":"da5568033b0a99e159902784c07a61390286534b"}
,"/home/tmn/dev/perso/libs/qs-filter/src/hooks/useFilterFromQueryParams.tsx": {"path":"/home/tmn/dev/perso/libs/qs-filter/src/hooks/useFilterFromQueryParams.tsx","statementMap":{"0":{"start":{"line":12,"column":40},"end":{"line":33,"column":1}},"1":{"start":{"line":13,"column":2},"end":{"line":13,"column":23}},"2":{"start":{"line":13,"column":14},"end":{"line":13,"column":23}},"3":{"start":{"line":14,"column":22},"end":{"line":17,"column":4}},"4":{"start":{"line":19,"column":2},"end":{"line":19,"column":55}},"5":{"start":{"line":19,"column":43},"end":{"line":19,"column":55}},"6":{"start":{"line":21,"column":2},"end":{"line":32,"column":4}},"7":{"start":{"line":22,"column":20},"end":{"line":30,"column":6}},"8":{"start":{"line":23,"column":6},"end":{"line":28,"column":7}},"9":{"start":{"line":24,"column":8},"end":{"line":26,"column":9}},"10":{"start":{"line":27,"column":8},"end":{"line":27,"column":19}},"11":{"start":{"line":29,"column":6},"end":{"line":29,"column":32}},"12":{"start":{"line":31,"column":4},"end":{"line":31,"column":35}}},"fnMap":{"0":{"name":"(anonymous_0)","decl":{"start":{"line":12,"column":40},"end":{"line":12,"column":41}},"loc":{"start":{"line":12,"column":68},"end":{"line":33,"column":1}},"line":12},"1":{"name":"(anonymous_1)","decl":{"start":{"line":21,"column":22},"end":{"line":21,"column":23}},"loc":{"start":{"line":21,"column":32},"end":{"line":32,"column":3}},"line":21},"2":{"name":"(anonymous_2)","decl":{"start":{"line":22,"column":52},"end":{"line":22,"column":53}},"loc":{"start":{"line":22,"column":70},"end":{"line":30,"column":5}},"line":22}},"branchMap":{"0":{"loc":{"start":{"line":13,"column":2},"end":{"line":13,"column":23}},"type":"if","locations":[{"start":{"line":13,"column":2},"end":{"line":13,"column":23}},{"start":{"line":13,"column":2},"end":{"line":13,"column":23}}],"line":13},"1":{"loc":{"start":{"line":19,"column":2},"end":{"line":19,"column":55}},"type":"if","locations":[{"start":{"line":19,"column":2},"end":{"line":19,"column":55}},{"start":{"line":19,"column":2},"end":{"line":19,"column":55}}],"line":19},"2":{"loc":{"start":{"line":23,"column":6},"end":{"line":28,"column":7}},"type":"if","locations":[{"start":{"line":23,"column":6},"end":{"line":28,"column":7}},{"start":{"line":23,"column":6},"end":{"line":28,"column":7}}],"line":23}},"s":{"0":1,"1":7,"2":1,"3":6,"4":6,"5":1,"6":5,"7":10,"8":16,"9":2,"10":2,"11":14,"12":10},"f":{"0":7,"1":10,"2":16},"b":{"0":[1,6],"1":[1,5],"2":[2,14]},"_coverageSchema":"43e27e138ebf9cfc5966b082cf9a028302ed4184","hash":"34e6a25ac0afa23e9c56f9e0f6f926e61833f8c7"}
}
