TN:
SF:/home/tmn/dev/perso/libs/qs-filter/src/index.tsx
FNF:0
FNH:0
LF:0
LH:0
BRF:0
BRH:0
end_of_record
TN:
SF:/home/tmn/dev/perso/libs/qs-filter/src/hooks/useFIlterFromQueryParams.fixtures.js
FNF:0
FNH:0
DA:1,1
LF:1
LH:1
BRF:0
BRH:0
end_of_record
TN:
SF:/home/tmn/dev/perso/libs/qs-filter/src/hooks/useFilterFromQueryParams.tsx
FN:12,(anonymous_0)
FN:21,(anonymous_1)
FN:22,(anonymous_2)
FNF:3
FNH:3
FNDA:7,(anonymous_0)
FNDA:10,(anonymous_1)
FNDA:16,(anonymous_2)
DA:12,1
DA:13,7
DA:14,6
DA:19,6
DA:21,5
DA:22,10
DA:23,16
DA:24,2
DA:27,2
DA:29,14
DA:31,10
LF:11
LH:11
BRDA:13,0,0,1
BRDA:13,0,1,6
BRDA:19,1,0,1
BRDA:19,1,1,5
BRDA:23,2,0,2
BRDA:23,2,1,14
BRF:6
BRH:6
end_of_record
